m 0 0 720
m 0 1 1064
m 0 2 1180
m 0 3 144
m 0 4 1944
m 0 5 1480
m 0 6 72
m 0 7 1960
m 0 8 468
m 0 9 812
m 0 10 88
m 0 11 0
m 0 12 296
m 0 13 1852
m 0 14 268
m 0 15 1536
m 0 16 268
m 0 17 1192
m 0 18 1328
f 0 11
m 0 19 1080
m 0 20 904
m 0 21 1920
m 0 22 1648
m 0 23 1600
m 0 24 1376
m 0 25 908
m 0 26 1008
f 0 2
m 0 27 552
m 0 28 1196
m 0 29 1436
m 0 30 1268
m 0 31 1044
m 0 32 1204
m 0 33 304
m 0 34 1072
m 0 35 2008
m 0 36 680
m 0 37 452
m 0 38 836
m 0 39 392
m 0 40 1732
f 0 29
m 0 41 876
f 0 9
m 0 42 716
m 0 43 564
m 0 44 1628
m 0 45 676
m 0 46 1580
m 0 47 1488
m 0 48 1956
m 0 49 600
m 0 50 1304
m 0 51 2024
m 0 52 904
m 0 53 1012
m 0 54 1540
m 0 55 1856
m 0 56 1352
m 0 57 1268
m 0 58 112
m 0 59 652
m 0 60 676
m 0 61 832
f 0 26
m 0 62 1004
m 0 63 172
m 0 64 1784
m 0 65 768
m 0 66 272
m 0 67 420
m 0 68 864
m 0 69 144
m 0 70 1260
m 0 71 768
m 0 72 1364
m 0 73 1040
m 0 74 476
m 0 75 960
m 0 76 288
m 0 77 876
m 0 78 1512
m 0 79 44
m 0 80 32
m 0 81 212
m 0 82 1904
m 0 83 780
m 0 84 2040
m 0 85 1628
m 0 86 764
f 0 37
m 0 87 1948
m 0 88 1200
m 0 89 700
m 0 90 1456
f 0 74
m 0 91 368
m 0 92 1560
m 0 93 984
m 0 94 676
m 0 95 1880
m 0 96 1336
m 0 97 232
m 0 98 356
m 0 99 728
m 0 100 420
f 0 80
f 0 39
m 0 101 260
m 0 102 1072
m 0 103 1120
m 0 104 992
m 0 105 1876
m 0 106 1304
m 0 107 952
m 0 108 1372
m 0 109 288
f 0 48
m 0 110 628
m 0 111 1300
m 0 112 1060
m 0 113 1028
m 0 114 2028
m 0 115 144
m 0 116 980
m 0 117 172
m 0 118 1032
m 0 119 684
m 0 120 132
m 0 121 1444
m 0 122 1932
f 0 58
m 0 123 284
m 0 124 756
m 0 125 896
m 0 126 704
m 0 127 492
m 0 128 1852
m 0 129 532
m 0 130 1932
m 0 131 1968
m 0 132 320
m 0 133 112
m 0 134 1020
m 0 135 136
f 0 55
f 0 46
m 0 136 572
m 0 137 1040
m 0 138 980
m 0 139 436
m 0 140 2040
m 0 141 732
m 0 142 2016
m 0 143 772
m 0 144 100
m 0 145 1184
m 0 146 416
m 0 147 1540
m 0 148 1508
f 0 31
m 0 149 1232
m 0 150 792
m 0 151 72
f 0 50
m 0 152 744
m 0 153 1852
m 0 154 1704
f 0 117
m 0 155 1428
m 0 156 1868
f 0 141
m 0 157 1668
m 0 158 1452
m 0 159 812
m 0 160 1864
f 0 139
m 0 161 340
m 0 162 1284
f 0 157
m 0 163 1028
f 0 24
m 0 164 184
m 0 165 460
m 0 166 1240
m 0 167 816
m 0 168 2040
m 0 169 1764
f 0 49
m 0 170 612
f 0 79
f 0 128
m 0 171 1688
f 0 10
f 0 25
m 0 172 288
m 0 173 92
m 0 174 200
m 0 175 1492
m 0 176 1552
m 0 177 1432
m 0 178 2020
m 0 179 1148
m 0 180 496
m 0 181 648
m 0 182 1300
m 0 183 1040
f 0 103
m 0 184 1712
m 0 185 1916
m 0 186 1552
m 0 187 1948
f 0 146
m 0 188 388
m 0 189 60
m 0 190 828
m 0 191 308
f 0 111
m 0 192 460
f 0 190
m 0 193 596
m 0 194 1852
m 0 195 1816
m 0 196 240
m 0 197 1408
m 0 198 224
m 0 199 316
m 0 200 1468
m 0 201 324
m 0 202 1268
m 0 203 84
m 0 204 1020
m 0 205 1092
f 0 75
m 0 206 72
m 0 207 1000
m 0 208 948
m 0 209 1352
f 0 41
m 0 210 460
m 0 211 2028
m 0 212 1364
m 0 213 112
m 0 214 1348
m 0 215 352
m 0 216 488
f 0 36
m 0 217 1420
m 0 218 732
m 0 219 1308
f 0 12
m 0 220 80
m 0 221 912
m 0 222 2012
m 0 223 1584
f 0 214
m 0 224 848
m 0 225 1272
m 0 226 552
m 0 227 1780
m 0 228 1976
m 0 229 556
f 0 166
m 0 230 948
m 0 231 732
f 0 159
f 0 124
m 0 232 1008
f 0 44
m 0 233 600
m 0 234 1432
f 0 231
f 0 101
m 0 235 412
m 0 236 636
m 0 237 428
f 0 98
f 0 137
m 0 238 916
m 0 239 872
m 0 240 600
m 0 241 124
m 0 242 1268
m 0 243 928
m 0 244 1964
f 0 45
f 0 165
m 0 245 412
f 0 30
m 0 246 1496
m 0 247 996
m 0 248 1648
m 0 249 1736
f 0 148
m 0 250 1012
m 0 251 656
m 0 252 1748
m 0 253 120
m 0 254 264
m 0 255 1236
m 0 256 552
m 0 257 1408
m 0 258 324
m 0 259 560
m 0 260 1968
m 0 261 980
m 0 262 1144
m 0 263 20
m 0 264 680
m 0 265 552
m 0 266 1812
f 0 161
m 0 267 48
m 0 268 756
m 0 269 288
m 0 270 764
m 0 271 1224
m 0 272 1628
m 0 273 1784
m 0 274 1696
m 0 275 1152
m 0 276 1208
m 0 277 220
f 0 198
m 0 278 1192
m 0 279 780
m 0 280 1000
f 0 40
m 0 281 1408
m 0 282 1028
m 0 283 1388
m 0 284 1132
m 0 285 656
m 0 286 784
m 0 287 512
m 0 288 704
m 0 289 340
m 0 290 584
m 0 291 240
m 0 292 1408
m 0 293 1056
m 0 294 316
m 0 295 292
m 0 296 240
m 0 297 532
m 0 298 576
m 0 299 1680
m 0 300 696
m 0 301 1880
m 0 302 1624
m 0 303 1024
m 0 304 352
m 0 305 116
f 0 71
m 0 306 1340
m 0 307 1312
m 0 308 1816
m 0 309 708
m 0 310 1164
m 0 311 916
m 0 312 492
m 0 313 244
m 0 314 60
m 0 315 776
f 0 81
f 0 179
m 0 316 1232
m 0 317 1968
m 0 318 148
m 0 319 1392
f 0 158
m 0 320 1104
m 0 321 1108
m 0 322 264
m 0 323 1132
m 0 324 668
m 0 325 1644
m 0 326 444
f 0 63
m 0 327 840
m 0 328 220
m 0 329 228
m 0 330 1512
m 0 331 12
f 0 121
m 0 332 1936
f 0 54
f 0 184
m 0 333 284
m 0 334 1944
f 0 218
m 0 335 72
f 0 322
m 0 336 148
m 0 337 656
f 0 263
m 0 338 1388
f 0 303
m 0 339 1872
m 0 340 900
m 0 341 240
f 0 64
m 0 342 1804
m 0 343 36
m 0 344 1856
f 0 342
m 0 345 1080
m 0 346 1300
m 0 347 1608
m 0 348 1212
m 0 349 304
m 0 350 572
f 0 99
f 0 156
f 0 328
m 0 351 560
m 0 352 748
m 0 353 1700
m 0 354 132
m 0 355 1332
m 0 356 1724
f 0 97
m 0 357 1872
m 0 358 1952
m 0 359 1088
m 0 360 668
m 0 361 1680
f 0 182
m 0 362 1108
m 0 363 64
f 0 294
m 0 364 16
f 0 102
m 0 365 1364
m 0 366 532
m 0 367 244
m 0 368 1088
f 0 203
f 0 367
f 0 251
f 0 289
m 0 369 284
m 0 370 800
f 0 87
m 0 371 1508
m 0 372 36
f 0 339
m 0 373 576
f 0 246
m 0 374 308
m 0 375 1592
m 0 376 744
m 0 377 1152
m 0 378 1732
m 0 379 952
f 0 306
m 0 380 1092
m 0 381 784
m 0 382 1076
f 0 318
m 0 383 548
m 0 384 1524
f 0 348
f 0 60
f 0 344
m 0 385 1364
f 0 243
m 0 386 1220
m 0 387 20
f 0 374
f 0 160
f 0 279
m 0 388 1196
f 0 91
m 0 389 1256
m 0 390 1700
f 0 284
m 0 391 1060
m 0 392 1720
m 0 393 596
m 0 394 1716
f 0 275
m 0 395 972
m 0 396 1744
f 0 114
m 0 397 172
f 0 104
m 0 398 1012
m 0 399 1104
f 0 27
f 0 252
m 0 400 928
f 0 396
m 0 401 500
m 0 402 1176
m 0 403 1924
f 0 28
f 0 366
f 0 142
m 0 404 1012
m 0 405 1024
f 0 235
m 0 406 1112
m 0 407 256
f 0 83
f 0 312
m 0 408 1300
m 0 409 760
f 0 150
f 0 191
m 0 410 1912
m 0 411 1284
m 0 412 1772
f 0 247
f 0 399
f 0 401
f 0 90
m 0 413 1916
m 0 414 1784
m 0 415 508
m 0 416 336
m 0 417 1580
m 0 418 1808
f 0 77
f 0 333
m 0 419 140
f 0 115
m 0 420 104
m 0 421 1712
m 0 422 1576
m 0 423 164
f 0 259
m 0 424 820
f 0 392
m 0 425 1360
m 0 426 1756
f 0 338
m 0 427 800
m 0 428 1652
f 0 125
f 0 379
m 0 429 812
m 0 430 1696
m 0 431 972
f 0 82
m 0 432 1856
f 0 290
f 0 68
m 0 433 1396
m 0 434 108
f 0 217
m 0 435 796
m 0 436 144
m 0 437 1392
m 0 438 324
m 0 439 1776
m 0 440 728
m 0 441 744
m 0 442 900
m 0 443 964
m 0 444 40
f 0 211
m 0 445 1260
m 0 446 424
m 0 447 532
f 0 370
f 0 233
m 0 448 1484
m 0 449 684
m 0 450 444
m 0 451 908
m 0 452 2016
m 0 453 248
m 0 454 360
f 0 208
m 0 455 1000
m 0 456 300
m 0 457 836
m 0 458 960
m 0 459 1644
f 0 153
m 0 460 1160
m 0 461 904
m 0 462 1588
m 0 463 1620
m 0 464 196
m 0 465 136
f 0 315
f 0 361
m 0 466 72
f 0 120
m 0 467 860
m 0 468 256
m 0 469 120
f 0 20
f 0 281
m 0 470 2040
f 0 426
m 0 471 1044
m 0 472 1476
m 0 473 1432
m 0 474 1544
f 0 264
f 0 47
m 0 475 32
f 0 226
m 0 476 752
m 0 477 756
m 0 478 892
m 0 479 1148
f 0 438
f 0 390
m 0 480 184
f 0 187
m 0 481 1676
f 0 110
m 0 482 820
m 0 483 1128
m 0 484 284
f 0 8
m 0 485 1620
m 0 486 1928
m 0 487 1556
f 0 268
m 0 488 1844
f 0 428
m 0 489 576
m 0 490 1888
f 0 171
f 0 69
m 0 491 644
m 0 492 1320
f 0 393
m 0 493 1652
f 0 368
f 0 444
f 0 484
m 0 494 2036
m 0 495 1816
f 0 19
m 0 496 1532
m 0 497 380
f 0 334
m 0 498 1924
f 0 196
m 0 499 244
m 0 500 2040
f 0 38
m 0 501 532
f 0 406
m 0 502 888
m 0 503 528
f 0 335
f 0 475
f 0 365
m 0 504 1164
f 0 414
f 0 119
m 0 505 1592
m 0 506 1216
m 0 507 1448
m 0 508 276
m 0 509 32
f 0 492
m 0 510 236
f 0 85
m 0 511 1256
f 0 76
m 0 512 1516
f 0 511
m 0 513 1728
f 0 127
f 0 130
f 0 301
m 0 514 1856
f 0 343
f 0 435
m 0 515 284
f 0 433
f 0 106
f 0 350
m 0 516 620
f 0 404
m 0 517 548
m 0 518 1672
m 0 519 1796
m 0 520 100
f 0 316
m 0 521 648
f 0 261
f 0 377
f 0 287
m 0 522 1796
f 0 66
f 0 210
m 0 523 1612
m 0 524 432
m 0 525 1380
m 0 526 1496
m 0 527 1868
m 0 528 236
f 0 16
f 0 34
f 0 314
m 0 529 224
m 0 530 1552
f 0 278
f 0 526
f 0 308
f 0 200
f 0 86
f 0 277
m 0 531 820
f 0 238
f 0 249
m 0 532 280
m 0 533 396
m 0 534 1012
m 0 535 32
m 0 536 1760
f 0 140
f 0 504
f 0 499
m 0 537 1988
m 0 538 120
m 0 539 1568
m 0 540 428
f 0 239
m 0 541 940
f 0 403
m 0 542 1616
m 0 543 1760
m 0 544 1744
f 0 341
m 0 545 932
m 0 546 2016
f 0 132
m 0 547 644
m 0 548 1288
f 0 530
f 0 215
f 0 548
f 0 317
f 0 468
m 0 549 1040
m 0 550 544
f 0 464
f 0 423
m 0 551 284
m 0 552 244
f 0 151
f 0 222
f 0 232
m 0 553 852
f 0 257
m 0 554 704
m 0 555 2040
m 0 556 1384
f 0 415
f 0 331
f 0 274
f 0 253
f 0 400
m 0 557 1324
f 0 536
f 0 228
m 0 558 1172
m 0 559 1420
f 0 485
m 0 560 1996
f 0 463
m 0 561 1720
m 0 562 1072
m 0 563 1128
m 0 564 1460
f 0 519
m 0 565 28
m 0 566 452
m 0 567 1684
m 0 568 324
f 0 533
f 0 457
m 0 569 1352
m 0 570 456
f 0 409
m 0 571 1088
m 0 572 208
m 0 573 1392
m 0 574 796
m 0 575 1484
m 0 576 1304
f 0 302
m 0 577 880
f 0 126
f 0 329
f 0 567
m 0 578 272
f 0 430
m 0 579 1124
f 0 96
m 0 580 1964
f 0 432
m 0 581 1412
f 0 180
m 0 582 1912
f 0 88
m 0 583 1492
f 0 122
f 0 378
f 0 580
m 0 584 948
f 0 213
m 0 585 648
m 0 586 992
m 0 587 12
m 0 588 724
f 0 313
f 0 78
f 0 451
m 0 589 252
m 0 590 1596
f 0 577
m 0 591 632
f 0 216
f 0 481
f 0 424
m 0 592 1936
m 0 593 308
m 0 594 2044
m 0 595 1980
f 0 307
m 0 596 1236
m 0 597 516
f 0 589
f 0 254
m 0 598 464
m 0 599 1984
f 0 569
f 0 570
f 0 371
m 0 600 120
f 0 89
m 0 601 1812
f 0 385
m 0 602 1848
m 0 603 1044
m 0 604 1560
m 0 605 984
f 0 205
f 0 116
m 0 606 28
f 0 388
f 0 359
m 0 607 852
m 0 608 104
m 0 609 128
f 0 255
m 0 610 36
f 0 323
m 0 611 1068
f 0 417
f 0 168
f 0 450
m 0 612 1132
f 0 382
f 0 347
f 0 175
m 0 613 1828
m 0 614 1664
f 0 192
f 0 57
m 0 615 1768
f 0 604
m 0 616 1260
m 0 617 788
f 0 143
m 0 618 564
m 0 619 184
f 0 456
m 0 620 1148
m 0 621 1108
f 0 566
m 0 622 976
f 0 544
m 0 623 1144
f 0 562
m 0 624 968
f 0 612
f 0 466
m 0 625 2016
f 0 186
f 0 591
m 0 626 1268
f 0 491
f 0 376
m 0 627 52
f 0 133
m 0 628 324
f 0 608
f 0 345
f 0 245
f 0 381
f 0 599
m 0 629 1504
m 0 630 552
f 0 582
f 0 21
m 0 631 1976
m 0 632 1764
m 0 633 948
f 0 197
m 0 634 1364
f 0 389
m 0 635 1028
m 0 636 1500
f 0 410
f 0 546
f 0 256
f 0 59
f 0 152
f 0 147
m 0 637 1268
f 0 412
f 0 506
m 0 638 1248
f 0 202
f 0 427
m 0 639 1448
f 0 505
f 0 349
f 0 518
f 0 319
m 0 640 612
m 0 641 1492
m 0 642 1400
m 0 643 1136
f 0 391
m 0 644 1524
m 0 645 328
f 0 459
f 0 109
m 0 646 1920
f 0 304
m 0 647 136
f 0 453
m 0 648 256
f 0 458
m 0 649 152
f 0 35
f 0 550
f 0 32
m 0 650 740
f 0 288
f 0 321
f 0 596
f 0 185
f 0 272
f 0 94
f 0 576
f 0 606
m 0 651 1000
m 0 652 188
f 0 386
f 0 601
f 0 465
m 0 653 1796
f 0 500
m 0 654 704
f 0 195
m 0 655 1932
f 0 22
f 0 380
m 0 656 756
f 0 309
m 0 657 84
f 0 494
f 0 486
m 0 658 560
f 0 358
f 0 283
f 0 477
f 0 626
m 0 659 1736
m 0 660 1940
m 0 661 1712
m 0 662 1720
m 0 663 1652
m 0 664 1764
m 0 665 744
m 0 666 200
m 0 667 1552
f 0 242
m 0 668 44
f 0 138
m 0 669 1216
m 0 670 1648
f 0 384
m 0 671 452
f 0 572
f 0 472
f 0 434
f 0 397
m 0 672 1212
f 0 118
m 0 673 1728
m 0 674 1496
m 0 675 1768
m 0 676 428
f 0 547
m 0 677 808
f 0 545
f 0 586
f 0 204
m 0 678 1788
m 0 679 204
m 0 680 1716
f 0 236
m 0 681 1760
m 0 682 1124
m 0 683 1784
m 0 684 1440
f 0 587
m 0 685 516
f 0 442
m 0 686 1964
f 0 207
m 0 687 1344
f 0 154
m 0 688 1632
f 0 18
f 0 664
m 0 689 1052
m 0 690 216
f 0 490
m 0 691 1316
m 0 692 1268
f 0 661
m 0 693 1800
m 0 694 632
f 0 691
m 0 695 508
f 0 655
f 0 155
m 0 696 872
m 0 697 140
f 0 295
f 0 629
m 0 698 536
f 0 585
m 0 699 936
m 0 700 188
m 0 701 2036
f 0 685
m 0 702 1276
f 0 590
m 0 703 2048
f 0 509
m 0 704 404
f 0 454
f 0 542
f 0 73
f 0 677
m 0 705 304
m 0 706 1840
f 0 584
m 0 707 732
f 0 14
f 0 594
m 0 708 432
m 0 709 1948
f 0 681
m 0 710 1868
f 0 449
f 0 237
m 0 711 28
f 0 614
m 0 712 1624
m 0 713 808
m 0 714 1956
f 0 625
f 0 52
m 0 715 1300
f 0 541
f 0 581
m 0 716 872
m 0 717 1240
m 0 718 552
m 0 719 876
f 0 240
f 0 617
f 0 467
m 0 720 1080
m 0 721 1296
m 0 722 1180
m 0 723 1808
m 0 724 256
f 0 574
m 0 725 1780
m 0 726 644
m 0 727 1624
m 0 728 68
f 0 42
f 0 686
f 0 23
f 0 188
f 0 280
f 0 699
f 0 479
f 0 638
f 0 538
f 0 523
m 0 729 1632
f 0 516
f 0 482
m 0 730 188
m 0 731 1200
f 0 502
m 0 732 844
f 0 176
m 0 733 324
m 0 734 836
m 0 735 144
f 0 616
f 0 495
m 0 736 1928
f 0 513
f 0 299
m 0 737 1156
f 0 698
f 0 633
f 0 452
m 0 738 1872
f 0 15
m 0 739 1224
f 0 357
f 0 637
f 0 703
m 0 740 88
m 0 741 1784
f 0 718
f 0 727
f 0 600
m 0 742 1308
m 0 743 1464
f 0 593
m 0 744 1456
f 0 383
f 0 735
m 0 745 1100
f 0 517
m 0 746 976
m 0 747 16
m 0 748 1896
f 0 689
f 0 611
m 0 749 508
f 0 273
m 0 750 552
f 0 3
m 0 751 1012
f 0 639
f 0 510
f 0 598
f 0 162
f 0 739
m 0 752 1044
f 0 244
f 0 690
m 0 753 1280
f 0 189
f 0 437
m 0 754 844
f 0 326
m 0 755 656
m 0 756 1916
f 0 619
m 0 757 948
f 0 702
m 0 758 1680
m 0 759 508
m 0 760 1916
f 0 631
f 0 285
f 0 407
f 0 134
f 0 525
f 0 194
f 0 420
f 0 559
f 0 694
f 0 757
f 0 473
f 0 387
f 0 539
f 0 7
f 0 665
f 0 352
f 0 557
f 0 373
f 0 234
m 0 761 1408
m 0 762 1676
f 0 554
f 0 136
f 0 705
f 0 652
f 0 736
m 0 763 1176
m 0 764 1432
f 0 123
f 0 515
m 0 765 76
f 0 336
m 0 766 76
m 0 767 732
f 0 422
f 0 230
f 0 765
f 0 758
f 0 642
f 0 692
f 0 436
m 0 768 592
m 0 769 1492
f 0 660
f 0 362
f 0 578
f 0 747
f 0 622
m 0 770 836
f 0 501
f 0 149
f 0 164
f 0 271
f 0 6
f 0 650
f 0 723
f 0 512
m 0 771 176
f 0 726
m 0 772 1164
f 0 276
f 0 551
m 0 773 156
f 0 535
m 0 774 1992
f 0 678
f 0 730
m 0 775 1056
m 0 776 1320
m 0 777 1428
f 0 112
f 0 310
f 0 740
f 0 469
f 0 305
m 0 778 1160
f 0 265
m 0 779 1504
m 0 780 1932
f 0 483
f 0 603
f 0 697
f 0 734
m 0 781 1452
f 0 522
m 0 782 1020
m 0 783 1012
f 0 375
m 0 784 1320
m 0 785 652
f 0 634
f 0 738
f 0 782
f 0 354
f 0 746
m 0 786 336
f 0 780
f 0 311
m 0 787 712
f 0 5
f 0 425
m 0 788 1680
m 0 789 372
f 0 270
f 0 258
f 0 700
m 0 790 1912
f 0 206
m 0 791 1284
f 0 656
f 0 398
f 0 67
f 0 144
f 0 416
m 0 792 132
f 0 680
f 0 771
m 0 793 1232
f 0 172
f 0 552
f 0 439
f 0 707
f 0 394
f 0 615
f 0 181
m 0 794 1924
f 0 725
f 0 561
m 0 795 2028
m 0 796 1156
m 0 797 1936
f 0 749
f 0 645
f 0 609
f 0 413
f 0 786
f 0 108
f 0 355
m 0 798 1032
m 0 799 660
f 0 462
f 0 663
m 0 800 1948
m 0 801 532
f 0 61
m 0 802 720
f 0 777
f 0 527
f 0 682
f 0 770
f 0 676
f 0 291
m 0 803 1716
m 0 804 1268
m 0 805 1892
f 0 776
f 0 721
f 0 178
f 0 508
m 0 806 1064
f 0 471
m 0 807 704
m 0 808 672
f 0 421
f 0 571
f 0 553
f 0 93
m 0 809 1140
f 0 720
f 0 555
f 0 324
f 0 649
m 0 810 1152
m 0 811 988
f 0 583
f 0 592
f 0 95
f 0 402
f 0 353
m 0 812 1148
f 0 623
m 0 813 1540
m 0 814 944
f 0 632
f 0 610
f 0 800
f 0 84
f 0 250
m 0 815 1664
m 0 816 1200
m 0 817 100
f 0 532
f 0 51
m 0 818 1104
m 0 819 752
f 0 714
f 0 507
m 0 820 1892
f 0 675
f 0 733
f 0 100
f 0 687
m 0 821 1496
m 0 822 940
f 0 419
f 0 193
f 0 640
m 0 823 1228
m 0 824 1900
m 0 825 488
m 0 826 1220
f 0 769
m 0 827 1020
f 0 337
f 0 113
f 0 564
m 0 828 420
m 0 829 328
f 0 224
m 0 830 2036
f 0 729
m 0 831 1268
m 0 832 816
f 0 497
f 0 514
f 0 644
f 0 169
f 0 789
m 0 833 900
f 0 794
m 0 834 352
m 0 835 1320
f 0 351
m 0 836 288
f 0 811
f 0 418
f 0 731
f 0 221
f 0 818
f 0 72
f 0 621
f 0 241
m 0 837 224
f 0 773
f 0 683
m 0 838 812
f 0 627
f 0 781
f 0 673
m 0 839 388
f 0 768
f 0 183
m 0 840 116
m 0 841 544
m 0 842 868
f 0 327
f 0 474
f 0 260
m 0 843 48
f 0 528
m 0 844 1904
m 0 845 1532
f 0 806
f 0 369
f 0 670
f 0 845
f 0 688
m 0 846 108
m 0 847 928
m 0 848 44
f 0 715
f 0 356
m 0 849 200
m 0 850 1336
f 0 537
f 0 579
m 0 851 232
f 0 751
m 0 852 1000
f 0 17
m 0 853 1472
f 0 805
f 0 654
f 0 441
m 0 854 64
m 0 855 2040
f 0 597
f 0 262
m 0 856 868
m 0 857 1396
m 0 858 1976
m 0 859 1004
f 0 793
f 0 728
m 0 860 852
f 0 56
f 0 563
f 0 846
f 0 651
f 0 784
f 0 812
f 0 170
m 0 861 1884
m 0 862 924
m 0 863 1532
f 0 719
f 0 487
m 0 864 428
f 0 864
f 0 540
f 0 821
f 0 269
f 0 470
m 0 865 1128
m 0 866 1356
m 0 867 336
m 0 868 1340
f 0 320
f 0 750
f 0 332
m 0 869 1572
f 0 837
f 0 635
f 0 448
m 0 870 1584
f 0 667
f 0 696
f 0 854
m 0 871 664
f 0 867
f 0 716
m 0 872 1560
m 0 873 76
m 0 874 1368
f 0 364
f 0 646
m 0 875 324
f 0 788
f 0 443
f 0 405
f 0 647
f 0 755
f 0 827
m 0 876 856
f 0 62
f 0 630
m 0 877 1300
m 0 878 648
f 0 1
f 0 129
f 0 684
f 0 783
f 0 220
f 0 861
m 0 879 1992
f 0 372
m 0 880 848
f 0 659
f 0 212
m 0 881 396
f 0 411
f 0 829
f 0 602
f 0 779
f 0 814
f 0 785
f 0 873
f 0 810
m 0 882 1048
f 0 841
f 0 488
f 0 565
f 0 13
f 0 363
f 0 742
m 0 883 924
f 0 628
f 0 760
m 0 884 140
f 0 292
f 0 174
m 0 885 1108
m 0 886 144
f 0 672
f 0 710
m 0 887 1208
m 0 888 740
f 0 455
f 0 748
f 0 657
f 0 65
m 0 889 1760
f 0 266
m 0 890 1300
f 0 823
m 0 891 1120
f 0 852
m 0 892 1220
f 0 822
f 0 131
f 0 493
f 0 816
f 0 636
f 0 229
m 0 893 856
m 0 894 1956
m 0 895 2040
m 0 896 640
f 0 896
f 0 679
m 0 897 900
f 0 767
f 0 759
f 0 895
f 0 871
f 0 489
f 0 173
m 0 898 204
f 0 868
f 0 753
f 0 219
f 0 713
f 0 105
f 0 43
f 0 648
m 0 899 1136
f 0 346
f 0 791
f 0 480
f 0 558
m 0 900 380
f 0 671
m 0 901 1564
m 0 902 600
f 0 842
m 0 903 96
f 0 543
m 0 904 1140
f 0 898
f 0 807
f 0 737
m 0 905 1240
f 0 360
m 0 906 1604
f 0 843
m 0 907 512
m 0 908 436
f 0 293
f 0 797
m 0 909 1172
f 0 445
m 0 910 2024
f 0 850
f 0 857
f 0 534
f 0 860
m 0 911 524
f 0 225
f 0 395
f 0 744
f 0 853
m 0 912 632
f 0 595
m 0 913 1868
f 0 851
f 0 282
f 0 33
f 0 531
f 0 704
f 0 573
f 0 722
f 0 763
m 0 914 1652
f 0 297
f 0 824
f 0 862
m 0 915 1856
m 0 916 668
f 0 695
m 0 917 1108
f 0 802
f 0 706
f 0 912
f 0 838
m 0 918 1560
f 0 834
f 0 429
f 0 618
f 0 325
f 0 163
f 0 884
m 0 919 300
f 0 880
m 0 920 584
f 0 267
m 0 921 1024
m 0 922 1736
f 0 809
f 0 674
m 0 923 1956
f 0 897
f 0 840
f 0 916
f 0 666
f 0 724
f 0 910
m 0 924 1744
f 0 223
f 0 0
f 0 605
m 0 925 616
f 0 300
f 0 732
m 0 926 460
m 0 927 300
m 0 928 1516
f 0 296
f 0 885
m 0 929 1140
f 0 891
m 0 930 1516
f 0 641
f 0 741
f 0 286
f 0 876
f 0 201
m 0 931 540
f 0 330
f 0 199
m 0 932 1144
f 0 772
m 0 933 1232
f 0 461
f 0 870
f 0 887
f 0 761
f 0 830
f 0 524
m 0 934 1916
f 0 135
m 0 935 1516
m 0 936 792
f 0 847
m 0 937 1748
f 0 904
f 0 556
m 0 938 472
f 0 754
f 0 624
f 0 709
m 0 939 1700
m 0 940 1424
m 0 941 108
f 0 653
m 0 942 1108
f 0 496
f 0 745
m 0 943 1400
f 0 803
m 0 944 372
f 0 855
f 0 903
f 0 913
f 0 848
m 0 945 1568
f 0 762
m 0 946 688
f 0 905
f 0 914
f 0 906
f 0 549
m 0 947 292
f 0 446
m 0 948 112
f 0 939
m 0 949 340
f 0 875
f 0 795
f 0 872
m 0 950 1096
m 0 951 380
m 0 952 2000
f 0 503
f 0 935
f 0 951
f 0 668
f 0 53
f 0 865
m 0 953 876
m 0 954 464
f 0 938
f 0 575
f 0 658
f 0 936
f 0 520
f 0 849
m 0 955 528
f 0 926
m 0 956 236
f 0 888
m 0 957 1988
f 0 927
f 0 817
m 0 958 624
f 0 907
f 0 820
f 0 801
f 0 932
f 0 933
f 0 790
f 0 877
f 0 669
f 0 899
f 0 920
f 0 813
f 0 878
f 0 693
m 0 959 1356
f 0 942
m 0 960 1396
f 0 889
f 0 787
m 0 961 312
f 0 828
f 0 925
f 0 209
f 0 844
f 0 227
f 0 856
m 0 962 1256
f 0 431
f 0 923
f 0 835
m 0 963 916
m 0 964 568
f 0 874
f 0 953
f 0 476
f 0 804
f 0 922
f 0 712
f 0 447
m 0 965 220
f 0 863
f 0 799
m 0 966 1684
f 0 943
f 0 946
f 0 858
m 0 967 416
m 0 968 1380
f 0 792
f 0 819
f 0 774
m 0 969 1456
m 0 970 200
f 0 915
m 0 971 320
f 0 909
f 0 826
f 0 883
f 0 866
f 0 775
f 0 778
m 0 972 324
f 0 743
f 0 521
f 0 832
f 0 917
f 0 607
m 0 973 960
f 0 956
f 0 70
f 0 931
f 0 836
m 0 974 1856
f 0 839
f 0 831
f 0 894
m 0 975 552
m 0 976 1584
f 0 966
f 0 976
f 0 92
f 0 958
f 0 711
f 0 145
m 0 977 1576
f 0 928
m 0 978 1120
m 0 979 600
f 0 962
f 0 881
f 0 977
f 0 408
m 0 980 1180
f 0 929
f 0 869
f 0 971
f 0 957
m 0 981 748
f 0 892
f 0 498
f 0 764
f 0 944
f 0 941
f 0 529
m 0 982 1016
f 0 949
f 0 766
f 0 975
f 0 954
f 0 940
f 0 952
m 0 983 644
f 0 900
f 0 973
f 0 934
f 0 859
f 0 930
m 0 984 1864
f 0 568
f 0 879
f 0 945
f 0 901
m 0 985 708
f 0 984
f 0 588
f 0 4
f 0 964
f 0 982
f 0 961
m 0 986 136
f 0 662
f 0 960
f 0 974
f 0 968
f 0 708
f 0 177
m 0 987 1204
f 0 963
f 0 921
f 0 620
f 0 756
f 0 460
m 0 988 672
f 0 796
f 0 833
f 0 886
f 0 340
m 0 989 1464
f 0 298
f 0 986
f 0 815
f 0 924
f 0 978
m 0 990 1344
f 0 980
m 0 991 204
m 0 992 640
f 0 919
f 0 991
m 0 993 680
f 0 701
m 0 994 1020
f 0 989
f 0 979
f 0 972
f 0 717
f 0 990
f 0 955
f 0 107
f 0 992
m 0 995 228
f 0 995
f 0 478
f 0 902
f 0 908
m 0 996 988
f 0 981
f 0 890
f 0 996
f 0 825
f 0 882
f 0 967
f 0 994
f 0 560
m 0 997 20
f 0 808
f 0 893
f 0 798
f 0 985
f 0 983
f 0 987
f 0 643
f 0 937
f 0 613
f 0 965
f 0 959
f 0 970
f 0 988
f 0 248
f 0 993
m 0 998 16
f 0 969
m 0 999 892
f 0 948
f 0 998
f 0 918
f 0 999
f 0 752
f 0 950
f 0 167
f 0 947
f 0 997
f 0 911
f 0 440
