m 3 0 1268
m 4 1 132
m 0 2 444
m 1 3 832
m 2 4 428
m 2 5 0
m 0 6 1860
m 4 7 496
m 3 8 1392
m 0 9 840
m 1 10 600
m 3 11 452
m 0 12 460
m 2 13 44
m 0 14 1764
f 1 3
m 1 15 52
m 4 16 352
m 4 17 1708
f 0 2
m 4 18 1896
f 2 4
m 4 19 1840
m 0 20 772
m 1 21 1808
m 0 22 1928
m 2 23 1964
m 1 24 448
m 0 25 700
m 0 26 760
f 3 0
f 3 11
f 4 17
f 0 22
m 4 27 364
f 3 8
m 3 28 16
f 1 10
m 3 29 504
m 2 30 176
m 1 31 364
m 2 32 1628
f 4 16
m 0 33 1796
f 0 20
m 0 34 324
m 4 35 1756
m 4 36 1464
m 3 37 1888
f 3 28
m 2 38 564
f 2 13
m 2 39 320
m 4 40 540
m 1 41 1724
m 2 42 1924
m 2 43 96
m 4 44 468
m 3 45 708
f 1 24
m 4 46 1584
m 3 47 700
m 1 48 524
m 4 49 456
m 1 50 28
m 1 51 1320
m 3 52 588
f 4 44
f 4 46
m 2 53 600
f 3 52
m 2 54 1180
m 2 55 876
f 3 47
m 3 56 1376
m 0 57 428
m 4 58 824
m 1 59 764
m 2 60 1944
m 0 61 940
f 2 53
f 1 15
m 0 62 728
m 0 63 1336
m 2 64 992
f 0 61
f 1 59
m 0 65 260
f 0 14
m 1 66 1308
m 4 67 1316
f 4 40
f 1 50
f 2 23
f 4 27
f 2 55
f 3 56
f 2 64
f 0 62
f 4 1
f 4 67
m 0 68 912
f 4 18
m 0 69 380
m 2 70 972
m 3 71 932
f 2 42
f 3 29
f 4 19
m 3 72 508
f 4 49
m 3 73 716
m 2 74 56
f 1 21
m 0 75 1684
f 4 35
f 2 5
f 2 74
m 2 76 1076
f 1 31
m 2 77 364
f 2 43
f 2 39
f 0 57
f 2 30
m 3 78 908
f 4 7
m 1 79 424
f 2 54
f 1 51
f 3 45
f 3 37
m 1 80 1160
f 2 77
m 1 81 1736
m 4 82 1068
m 0 83 1620
f 0 9
m 2 84 776
f 0 6
f 0 68
m 0 85 1388
f 1 80
m 4 86 1860
m 2 87 784
f 0 75
f 1 66
f 4 82
f 2 60
f 2 32
f 0 85
f 1 79
f 0 63
m 3 88 204
m 4 89 1956
f 2 87
f 4 86
f 3 72
m 3 90 900
f 3 78
f 3 73
m 4 91 232
f 0 83
f 4 91
m 1 92 1896
f 0 25
f 0 26
m 4 93 1196
m 3 94 1092
f 1 48
f 3 94
f 4 36
f 1 41
f 3 71
f 0 69
f 3 88
f 2 38
f 2 84
f 1 92
f 4 89
f 0 12
m 1 95 724
f 2 70
m 1 96 296
f 1 95
f 4 93
f 0 65
f 0 34
m 1 97 880
f 1 97
f 0 33
m 2 98 228
f 4 58
m 0 99 1848
f 2 98
f 3 90
f 2 76
f 1 81
f 0 99
f 1 96
